[0.514s] Invoking command in '/home/hunter/dev/thesis/env/src/arm_rl/gym_arm': DEBUGINFOD_URLS=https://debuginfod.ubuntu.com PS1=(.venv) ${debian_chroot:+($debian_chroot)}\[\033[01;32m\]\u@\h\[\033[00m\]:\[\033[01;34m\]\w\[\033[00m\]\$ PYTHONPATH=/home/hunter/dev/thesis/env/src/arm_rl/gym_arm/build/gym_arm/prefix_override:/usr/lib/python3/dist-packages/colcon_core/task/python/colcon_distutils_commands:/home/hunter/dev/thesis/env/src/arm_rl/gym_arm/install/gym_arm/lib/python3.12/site-packages:${PYTHONPATH} VIRTUAL_ENV_PROMPT=(.venv) /usr/bin/python3 -W ignore:setup.py install is deprecated -W ignore:easy_install command is deprecated setup.py egg_info --egg-base build/gym_arm build --build-base /home/hunter/dev/thesis/env/src/arm_rl/gym_arm/build/gym_arm/build install --record /home/hunter/dev/thesis/env/src/arm_rl/gym_arm/build/gym_arm/install.log --single-version-externally-managed
[0.651s] running egg_info
[0.651s] creating build/gym_arm/gym_arm.egg-info
[0.661s] writing build/gym_arm/gym_arm.egg-info/PKG-INFO
[0.661s] writing dependency_links to build/gym_arm/gym_arm.egg-info/dependency_links.txt
[0.661s] writing requirements to build/gym_arm/gym_arm.egg-info/requires.txt
[0.662s] writing top-level names to build/gym_arm/gym_arm.egg-info/top_level.txt
[0.662s] writing manifest file 'build/gym_arm/gym_arm.egg-info/SOURCES.txt'
[0.684s] reading manifest file 'build/gym_arm/gym_arm.egg-info/SOURCES.txt'
[0.684s] writing manifest file 'build/gym_arm/gym_arm.egg-info/SOURCES.txt'
[0.684s] running build
[0.684s] running build_py
[0.684s] creating /home/hunter/dev/thesis/env/src/arm_rl/gym_arm/build/gym_arm/build
[0.684s] creating /home/hunter/dev/thesis/env/src/arm_rl/gym_arm/build/gym_arm/build/lib
[0.684s] creating /home/hunter/dev/thesis/env/src/arm_rl/gym_arm/build/gym_arm/build/lib/gym_arm
[0.685s] copying gym_arm/arm_env.py -> /home/hunter/dev/thesis/env/src/arm_rl/gym_arm/build/gym_arm/build/lib/gym_arm
[0.685s] copying gym_arm/__init__.py -> /home/hunter/dev/thesis/env/src/arm_rl/gym_arm/build/gym_arm/build/lib/gym_arm
[0.685s] running install
[0.688s] running install_lib
[0.699s] creating /home/hunter/dev/thesis/env/src/arm_rl/gym_arm/install/gym_arm/lib/python3.12/site-packages/gym_arm
[0.699s] copying /home/hunter/dev/thesis/env/src/arm_rl/gym_arm/build/gym_arm/build/lib/gym_arm/arm_env.py -> /home/hunter/dev/thesis/env/src/arm_rl/gym_arm/install/gym_arm/lib/python3.12/site-packages/gym_arm
[0.699s] copying /home/hunter/dev/thesis/env/src/arm_rl/gym_arm/build/gym_arm/build/lib/gym_arm/__init__.py -> /home/hunter/dev/thesis/env/src/arm_rl/gym_arm/install/gym_arm/lib/python3.12/site-packages/gym_arm
[0.699s] byte-compiling /home/hunter/dev/thesis/env/src/arm_rl/gym_arm/install/gym_arm/lib/python3.12/site-packages/gym_arm/arm_env.py to arm_env.cpython-312.pyc
[0.700s] byte-compiling /home/hunter/dev/thesis/env/src/arm_rl/gym_arm/install/gym_arm/lib/python3.12/site-packages/gym_arm/__init__.py to __init__.cpython-312.pyc
[0.700s] running install_egg_info
[0.712s] Copying build/gym_arm/gym_arm.egg-info to /home/hunter/dev/thesis/env/src/arm_rl/gym_arm/install/gym_arm/lib/python3.12/site-packages/gym_arm-0.1-py3.12.egg-info
[0.712s] running install_scripts
[0.787s] writing list of installed files to '/home/hunter/dev/thesis/env/src/arm_rl/gym_arm/build/gym_arm/install.log'
[0.802s] Invoked command in '/home/hunter/dev/thesis/env/src/arm_rl/gym_arm' returned '0': DEBUGINFOD_URLS=https://debuginfod.ubuntu.com PS1=(.venv) ${debian_chroot:+($debian_chroot)}\[\033[01;32m\]\u@\h\[\033[00m\]:\[\033[01;34m\]\w\[\033[00m\]\$ PYTHONPATH=/home/hunter/dev/thesis/env/src/arm_rl/gym_arm/build/gym_arm/prefix_override:/usr/lib/python3/dist-packages/colcon_core/task/python/colcon_distutils_commands:/home/hunter/dev/thesis/env/src/arm_rl/gym_arm/install/gym_arm/lib/python3.12/site-packages:${PYTHONPATH} VIRTUAL_ENV_PROMPT=(.venv) /usr/bin/python3 -W ignore:setup.py install is deprecated -W ignore:easy_install command is deprecated setup.py egg_info --egg-base build/gym_arm build --build-base /home/hunter/dev/thesis/env/src/arm_rl/gym_arm/build/gym_arm/build install --record /home/hunter/dev/thesis/env/src/arm_rl/gym_arm/build/gym_arm/install.log --single-version-externally-managed
