[0.060s] DEBUG:colcon:Command line arguments: ['/usr/bin/colcon', 'build']
[0.060s] DEBUG:colcon:Parsed command line arguments: Namespace(log_base=None, log_level=None, verb_name='build', build_base='build', install_base='install', merge_install=False, symlink_install=False, test_result_base=None, continue_on_error=False, executor='parallel', parallel_workers=16, event_handlers=None, ignore_user_meta=False, metas=['./colcon.meta'], base_paths=['.'], packages_ignore=None, packages_ignore_regex=None, paths=None, packages_up_to=None, packages_up_to_regex=None, packages_above=None, packages_above_and_dependencies=None, packages_above_depth=None, packages_select_by_dep=None, packages_skip_by_dep=None, packages_skip_up_to=None, packages_select_build_failed=False, packages_skip_build_finished=False, packages_select_test_failures=False, packages_skip_test_passed=False, packages_select=None, packages_skip=None, packages_select_regex=None, packages_skip_regex=None, packages_start=None, packages_end=None, allow_overriding=[], cmake_args=None, cmake_target=None, cmake_target_skip_unavailable=False, cmake_clean_cache=False, cmake_clean_first=False, cmake_force_configure=False, ament_cmake_args=None, catkin_cmake_args=None, catkin_skip_building_tests=False, mixin_files=None, mixin=None, verb_parser=<colcon_mixin.mixin.mixin_argument.MixinArgumentDecorator object at 0x7bb31cfd07a0>, verb_extension=<colcon_core.verb.build.BuildVerb object at 0x7bb31cfa3d70>, main=<bound method BuildVerb.main of <colcon_core.verb.build.BuildVerb object at 0x7bb31cfa3d70>>, mixin_verb=('build',))
[0.081s] Level 1:colcon.colcon_core.package_discovery:discover_packages(colcon_meta) check parameters
[0.081s] Level 1:colcon.colcon_core.package_discovery:discover_packages(recursive) check parameters
[0.081s] Level 1:colcon.colcon_core.package_discovery:discover_packages(ignore) check parameters
[0.081s] Level 1:colcon.colcon_core.package_discovery:discover_packages(path) check parameters
[0.081s] Level 1:colcon.colcon_core.package_discovery:discover_packages(colcon_meta) discover
[0.081s] Level 1:colcon.colcon_core.package_discovery:discover_packages(recursive) discover
[0.081s] INFO:colcon.colcon_core.package_discovery:Crawling recursively for packages in '/home/hunter/dev/thesis/env/src/arm_rl/gym_arm'
[0.081s] Level 1:colcon.colcon_core.package_identification:_identify(.) by extensions ['ignore', 'ignore_ament_install']
[0.081s] Level 1:colcon.colcon_core.package_identification:_identify(.) by extension 'ignore'
[0.081s] Level 1:colcon.colcon_core.package_identification:_identify(.) by extension 'ignore_ament_install'
[0.081s] Level 1:colcon.colcon_core.package_identification:_identify(.) by extensions ['colcon_pkg']
[0.081s] Level 1:colcon.colcon_core.package_identification:_identify(.) by extension 'colcon_pkg'
[0.081s] Level 1:colcon.colcon_core.package_identification:_identify(.) by extensions ['colcon_meta']
[0.081s] Level 1:colcon.colcon_core.package_identification:_identify(.) by extension 'colcon_meta'
[0.081s] Level 1:colcon.colcon_core.package_identification:_identify(.) by extensions ['ros']
[0.081s] Level 1:colcon.colcon_core.package_identification:_identify(.) by extension 'ros'
[0.096s] Level 1:colcon.colcon_core.package_identification:_identify(.) by extensions ['cmake', 'python']
[0.096s] Level 1:colcon.colcon_core.package_identification:_identify(.) by extension 'cmake'
[0.096s] Level 1:colcon.colcon_core.package_identification:_identify(.) by extension 'python'
[0.096s] Level 1:colcon.colcon_core.package_identification:_identify(.) by extensions ['python_setup_py']
[0.096s] Level 1:colcon.colcon_core.package_identification:_identify(.) by extension 'python_setup_py'
[0.218s] DEBUG:colcon.colcon_core.package_identification:Package '.' with type 'python' and name 'gym_arm'
[0.218s] Level 1:colcon.colcon_core.package_discovery:discover_packages(recursive) using defaults
[0.218s] Level 1:colcon.colcon_core.package_discovery:discover_packages(ignore) discover
[0.218s] Level 1:colcon.colcon_core.package_discovery:discover_packages(ignore) using defaults
[0.218s] Level 1:colcon.colcon_core.package_discovery:discover_packages(path) discover
[0.218s] Level 1:colcon.colcon_core.package_discovery:discover_packages(path) using defaults
[0.228s] Level 1:colcon.colcon_core.package_discovery:discover_packages(prefix_path) check parameters
[0.228s] Level 1:colcon.colcon_core.package_discovery:discover_packages(prefix_path) discover
[0.229s] DEBUG:colcon.colcon_installed_package_information.package_discovery:Found 6 installed packages in /home/hunter/dev/thesis/env/install
[0.230s] DEBUG:colcon.colcon_installed_package_information.package_discovery:Found 447 installed packages in /opt/ros/jazzy
[0.231s] Level 1:colcon.colcon_core.package_discovery:discover_packages(prefix_path) using defaults
[0.259s] Level 5:colcon.colcon_core.verb:set package 'gym_arm' build argument 'cmake_args' from command line to 'None'
[0.259s] Level 5:colcon.colcon_core.verb:set package 'gym_arm' build argument 'cmake_target' from command line to 'None'
[0.259s] Level 5:colcon.colcon_core.verb:set package 'gym_arm' build argument 'cmake_target_skip_unavailable' from command line to 'False'
[0.259s] Level 5:colcon.colcon_core.verb:set package 'gym_arm' build argument 'cmake_clean_cache' from command line to 'False'
[0.259s] Level 5:colcon.colcon_core.verb:set package 'gym_arm' build argument 'cmake_clean_first' from command line to 'False'
[0.259s] Level 5:colcon.colcon_core.verb:set package 'gym_arm' build argument 'cmake_force_configure' from command line to 'False'
[0.259s] Level 5:colcon.colcon_core.verb:set package 'gym_arm' build argument 'ament_cmake_args' from command line to 'None'
[0.259s] Level 5:colcon.colcon_core.verb:set package 'gym_arm' build argument 'catkin_cmake_args' from command line to 'None'
[0.259s] Level 5:colcon.colcon_core.verb:set package 'gym_arm' build argument 'catkin_skip_building_tests' from command line to 'False'
[0.259s] DEBUG:colcon.colcon_core.verb:Building package 'gym_arm' with the following arguments: {'ament_cmake_args': None, 'build_base': '/home/hunter/dev/thesis/env/src/arm_rl/gym_arm/build/gym_arm', 'catkin_cmake_args': None, 'catkin_skip_building_tests': False, 'cmake_args': None, 'cmake_clean_cache': False, 'cmake_clean_first': False, 'cmake_force_configure': False, 'cmake_target': None, 'cmake_target_skip_unavailable': False, 'install_base': '/home/hunter/dev/thesis/env/src/arm_rl/gym_arm/install/gym_arm', 'merge_install': False, 'path': '/home/hunter/dev/thesis/env/src/arm_rl/gym_arm', 'symlink_install': False, 'test_result_base': None}
[0.259s] INFO:colcon.colcon_core.executor:Executing jobs using 'parallel' executor
[0.260s] DEBUG:colcon.colcon_parallel_executor.executor.parallel:run_until_complete
[0.260s] INFO:colcon.colcon_core.task.python.build:Building Python package in '/home/hunter/dev/thesis/env/src/arm_rl/gym_arm'
[0.261s] INFO:colcon.colcon_core.plugin_system:Skipping extension 'colcon_core.shell.bat': Not used on non-Windows systems
[0.261s] INFO:colcon.colcon_core.shell:Skip shell extension 'powershell' for command environment: Not usable outside of PowerShell
[0.261s] DEBUG:colcon.colcon_core.shell:Skip shell extension 'dsv' for command environment
[0.774s] DEBUG:colcon.colcon_core.event_handler.log_command:Invoking command in '/home/hunter/dev/thesis/env/src/arm_rl/gym_arm': DEBUGINFOD_URLS=https://debuginfod.ubuntu.com PS1=(.venv) ${debian_chroot:+($debian_chroot)}\[\033[01;32m\]\u@\h\[\033[00m\]:\[\033[01;34m\]\w\[\033[00m\]\$ PYTHONPATH=/home/hunter/dev/thesis/env/src/arm_rl/gym_arm/build/gym_arm/prefix_override:/usr/lib/python3/dist-packages/colcon_core/task/python/colcon_distutils_commands:/home/hunter/dev/thesis/env/src/arm_rl/gym_arm/install/gym_arm/lib/python3.12/site-packages:${PYTHONPATH} VIRTUAL_ENV_PROMPT=(.venv) /usr/bin/python3 -W ignore:setup.py install is deprecated -W ignore:easy_install command is deprecated setup.py egg_info --egg-base build/gym_arm build --build-base /home/hunter/dev/thesis/env/src/arm_rl/gym_arm/build/gym_arm/build install --record /home/hunter/dev/thesis/env/src/arm_rl/gym_arm/build/gym_arm/install.log --single-version-externally-managed
[1.063s] DEBUG:colcon.colcon_core.event_handler.log_command:Invoked command in '/home/hunter/dev/thesis/env/src/arm_rl/gym_arm' returned '0': DEBUGINFOD_URLS=https://debuginfod.ubuntu.com PS1=(.venv) ${debian_chroot:+($debian_chroot)}\[\033[01;32m\]\u@\h\[\033[00m\]:\[\033[01;34m\]\w\[\033[00m\]\$ PYTHONPATH=/home/hunter/dev/thesis/env/src/arm_rl/gym_arm/build/gym_arm/prefix_override:/usr/lib/python3/dist-packages/colcon_core/task/python/colcon_distutils_commands:/home/hunter/dev/thesis/env/src/arm_rl/gym_arm/install/gym_arm/lib/python3.12/site-packages:${PYTHONPATH} VIRTUAL_ENV_PROMPT=(.venv) /usr/bin/python3 -W ignore:setup.py install is deprecated -W ignore:easy_install command is deprecated setup.py egg_info --egg-base build/gym_arm build --build-base /home/hunter/dev/thesis/env/src/arm_rl/gym_arm/build/gym_arm/build install --record /home/hunter/dev/thesis/env/src/arm_rl/gym_arm/build/gym_arm/install.log --single-version-externally-managed
[1.064s] Level 1:colcon.colcon_core.environment:checking '/home/hunter/dev/thesis/env/src/arm_rl/gym_arm/install/gym_arm' for CMake module files
[1.064s] Level 1:colcon.colcon_core.environment:checking '/home/hunter/dev/thesis/env/src/arm_rl/gym_arm/install/gym_arm' for CMake config files
[1.064s] Level 1:colcon.colcon_core.environment:checking '/home/hunter/dev/thesis/env/src/arm_rl/gym_arm/install/gym_arm/lib'
[1.065s] Level 1:colcon.colcon_core.environment:checking '/home/hunter/dev/thesis/env/src/arm_rl/gym_arm/install/gym_arm/bin'
[1.065s] Level 1:colcon.colcon_core.environment:checking '/home/hunter/dev/thesis/env/src/arm_rl/gym_arm/install/gym_arm/lib/pkgconfig/gym_arm.pc'
[1.065s] Level 1:colcon.colcon_core.environment:checking '/home/hunter/dev/thesis/env/src/arm_rl/gym_arm/install/gym_arm/lib/python3.12/site-packages'
[1.065s] Level 1:colcon.colcon_core.shell:create_environment_hook('gym_arm', 'pythonpath')
[1.065s] INFO:colcon.colcon_core.shell:Creating environment hook '/home/hunter/dev/thesis/env/src/arm_rl/gym_arm/install/gym_arm/share/gym_arm/hook/pythonpath.ps1'
[1.066s] INFO:colcon.colcon_core.shell:Creating environment descriptor '/home/hunter/dev/thesis/env/src/arm_rl/gym_arm/install/gym_arm/share/gym_arm/hook/pythonpath.dsv'
[1.067s] INFO:colcon.colcon_core.shell:Creating environment hook '/home/hunter/dev/thesis/env/src/arm_rl/gym_arm/install/gym_arm/share/gym_arm/hook/pythonpath.sh'
[1.067s] Level 1:colcon.colcon_core.environment:checking '/home/hunter/dev/thesis/env/src/arm_rl/gym_arm/install/gym_arm/bin'
[1.067s] Level 1:colcon.colcon_core.environment:create_environment_scripts_only(gym_arm)
[1.067s] INFO:colcon.colcon_core.shell:Creating package script '/home/hunter/dev/thesis/env/src/arm_rl/gym_arm/install/gym_arm/share/gym_arm/package.ps1'
[1.067s] INFO:colcon.colcon_core.shell:Creating package descriptor '/home/hunter/dev/thesis/env/src/arm_rl/gym_arm/install/gym_arm/share/gym_arm/package.dsv'
[1.068s] INFO:colcon.colcon_core.shell:Creating package script '/home/hunter/dev/thesis/env/src/arm_rl/gym_arm/install/gym_arm/share/gym_arm/package.sh'
[1.068s] INFO:colcon.colcon_core.shell:Creating package script '/home/hunter/dev/thesis/env/src/arm_rl/gym_arm/install/gym_arm/share/gym_arm/package.bash'
[1.068s] INFO:colcon.colcon_core.shell:Creating package script '/home/hunter/dev/thesis/env/src/arm_rl/gym_arm/install/gym_arm/share/gym_arm/package.zsh'
[1.068s] Level 1:colcon.colcon_core.environment:create_file_with_runtime_dependencies(/home/hunter/dev/thesis/env/src/arm_rl/gym_arm/install/gym_arm/share/colcon-core/packages/gym_arm)
[1.068s] DEBUG:colcon.colcon_parallel_executor.executor.parallel:closing loop
[1.069s] DEBUG:colcon.colcon_parallel_executor.executor.parallel:loop closed
[1.069s] DEBUG:colcon.colcon_parallel_executor.executor.parallel:run_until_complete finished with '0'
[1.069s] DEBUG:colcon.colcon_core.event_reactor:joining thread
[1.074s] INFO:colcon.colcon_core.plugin_system:Skipping extension 'colcon_notification.desktop_notification.terminal_notifier': Not used on non-Darwin systems
[1.074s] INFO:colcon.colcon_core.plugin_system:Skipping extension 'colcon_notification.desktop_notification.win32': Not used on non-Windows systems
[1.074s] INFO:colcon.colcon_notification.desktop_notification:Sending desktop notification using 'notify2'
[1.076s] DEBUG:colcon.colcon_core.event_reactor:joined thread
[1.076s] INFO:colcon.colcon_core.shell:Creating prefix script '/home/hunter/dev/thesis/env/src/arm_rl/gym_arm/install/local_setup.ps1'
[1.076s] INFO:colcon.colcon_core.shell:Creating prefix util module '/home/hunter/dev/thesis/env/src/arm_rl/gym_arm/install/_local_setup_util_ps1.py'
[1.077s] INFO:colcon.colcon_core.shell:Creating prefix chain script '/home/hunter/dev/thesis/env/src/arm_rl/gym_arm/install/setup.ps1'
[1.077s] INFO:colcon.colcon_core.shell:Creating prefix script '/home/hunter/dev/thesis/env/src/arm_rl/gym_arm/install/local_setup.sh'
[1.078s] INFO:colcon.colcon_core.shell:Creating prefix util module '/home/hunter/dev/thesis/env/src/arm_rl/gym_arm/install/_local_setup_util_sh.py'
[1.078s] INFO:colcon.colcon_core.shell:Creating prefix chain script '/home/hunter/dev/thesis/env/src/arm_rl/gym_arm/install/setup.sh'
[1.078s] INFO:colcon.colcon_core.shell:Creating prefix script '/home/hunter/dev/thesis/env/src/arm_rl/gym_arm/install/local_setup.bash'
[1.079s] INFO:colcon.colcon_core.shell:Creating prefix chain script '/home/hunter/dev/thesis/env/src/arm_rl/gym_arm/install/setup.bash'
[1.079s] INFO:colcon.colcon_core.shell:Creating prefix script '/home/hunter/dev/thesis/env/src/arm_rl/gym_arm/install/local_setup.zsh'
[1.079s] INFO:colcon.colcon_core.shell:Creating prefix chain script '/home/hunter/dev/thesis/env/src/arm_rl/gym_arm/install/setup.zsh'
